/*C5*/SET SCHEMA PUBLIC
DISCONNECT
/*C6*/SET SCHEMA PUBLIC
DISCONNECT
/*C7*/SET SCHEMA PUBLIC
INSERT INTO PRODUTO VALUES(3,'Notebook','Notebook i7')
COMMIT
DISCONNECT
/*C8*/SET SCHEMA PUBLIC
INSERT INTO PRODUTO VALUES(4,'Notebook','Notebook i7')
COMMIT
DISCONNECT
/*C9*/SET SCHEMA PUBLIC
INSERT INTO PRODUTO VALUES(5,'Notebook','Notebook i7')
COMMIT
DISCONNECT
/*C10*/SET SCHEMA PUBLIC
DELETE FROM PRODUTO WHERE ID=4
DELETE FROM PRODUTO WHERE ID=5
COMMIT
DISCONNECT
/*C11*/SET SCHEMA PUBLIC
DISCONNECT
/*C12*/SET SCHEMA PUBLIC
INSERT INTO PRODUTO VALUES(6,'Notebook i5 2013','Notebook i5')
COMMIT
DISCONNECT
/*C13*/SET SCHEMA PUBLIC
INSERT INTO PRODUTO VALUES(7,'Notebook '''''' i5 2013','Notebook i5')
COMMIT
DISCONNECT
/*C14*/SET SCHEMA PUBLIC
DELETE FROM PRODUTO WHERE ID=6
DELETE FROM PRODUTO WHERE ID=7
COMMIT
DISCONNECT
/*C4*/SET SCHEMA PUBLIC
DISCONNECT
